[handleMsg]:  Message {
  _data: {
    id: {
      fromMe: false,
      remote: '34644401715@c.us',
      id: '3A06D8B471728855FD4C',
      _serialized: 'false_34644401715@c.us_3A06D8B471728855FD4C'
    },
    body: 'hol',
    type: 'chat',
    t: 1686859674,
    notifyName: 'Irenee',
    from: '34644401715@c.us',
    to: '34601280212@c.us',
    self: 'in',
    ack: 1,
    isNewMsg: true,
    star: false,
    kicNotified: false,
    recvFresh: true,
    isFromTemplate: false,
    pollInvalidated: false,
    isSentCagPollCreation: false,
    latestEditMsgKey: null,
    latestEditSenderTimestampMs: null,
    broadcast: false,
    mentionedJidList: [],
    groupMentions: [],
    isVcardOverMmsDocument: false,
    isForwarded: false,
    hasReaction: false,
    productHeaderImageRejected: false,
    lastPlaybackProgress: 0,
    isDynamicReplyButtonsMsg: false,
    isMdHistoryMsg: false,
    stickerSentTs: 0,
    isAvatar: false,
    requiresDirectConnection: false,
    links: []
  },
  mediaKey: undefined,
  id: {
    fromMe: false,
    remote: '34644401715@c.us',
    id: '3A06D8B471728855FD4C',
    _serialized: 'false_34644401715@c.us_3A06D8B471728855FD4C'
  },
  ack: 1,
  hasMedia: false,
  body: 'hol',
  type: 'chat',
  timestamp: 1686859674,
  from: '34644401715',
  to: '34601280212@c.us',
  author: undefined,
  deviceType: 'ios',
  isForwarded: false,
  forwardingScore: 0,
  isStatus: false,
  isStarred: false,
  broadcast: false,
  fromMe: false,
  hasQuotedMsg: false,
  hasReaction: false,
  duration: undefined,
  location: undefined,
  vCards: [],
  inviteV4: undefined,
  mentionedIds: [],
  orderId: undefined,
  token: undefined,
  isGif: false,
  isEphemeral: undefined,
  links: []
}
[handleMsg]:  Message {
  _data: {
    id: {
      fromMe: false,
      remote: '34644401715@c.us',
      id: '3A19F9F30B21D9A6672A',
      _serialized: 'false_34644401715@c.us_3A19F9F30B21D9A6672A'
    },
    body: 'hola',
    type: 'chat',
    t: 1686859676,
    notifyName: 'Irenee',
    from: '34644401715@c.us',
    to: '34601280212@c.us',
    self: 'in',
    ack: 1,
    isNewMsg: true,
    star: false,
    kicNotified: false,
    recvFresh: true,
    isFromTemplate: false,
    pollInvalidated: false,
    isSentCagPollCreation: false,
    latestEditMsgKey: null,
    latestEditSenderTimestampMs: null,
    broadcast: false,
    mentionedJidList: [],
    groupMentions: [],
    isVcardOverMmsDocument: false,
    isForwarded: false,
    hasReaction: false,
    productHeaderImageRejected: false,
    lastPlaybackProgress: 0,
    isDynamicReplyButtonsMsg: false,
    isMdHistoryMsg: false,
    stickerSentTs: 0,
    isAvatar: false,
    requiresDirectConnection: false,
    links: []
  },
  mediaKey: undefined,
  id: {
    fromMe: false,
    remote: '34644401715@c.us',
    id: '3A19F9F30B21D9A6672A',
    _serialized: 'false_34644401715@c.us_3A19F9F30B21D9A6672A'
  },
  ack: 1,
  hasMedia: false,
  body: 'hola',
  type: 'chat',
  timestamp: 1686859676,
  from: '34644401715',
  to: '34601280212@c.us',
  author: undefined,
  deviceType: 'ios',
  isForwarded: false,
  forwardingScore: 0,
  isStatus: false,
  isStarred: false,
  broadcast: false,
  fromMe: false,
  hasQuotedMsg: false,
  hasReaction: false,
  duration: undefined,
  location: undefined,
  vCards: [],
  inviteV4: undefined,
  mentionedIds: [],
  orderId: undefined,
  token: undefined,
  isGif: false,
  isEphemeral: undefined,
  links: []
}
[handleMsg]:  Message {
  _data: {
    id: {
      fromMe: false,
      remote: '34657741929@c.us',
      id: '009237574409D703D89E968128A2CBC6',
      _serialized: 'false_34657741929@c.us_009237574409D703D89E968128A2CBC6'
    },
    body: 'Hila',
    type: 'chat',
    t: 1686859681,
    notifyName: 'Antonio B.',
    from: '34657741929@c.us',
    to: '34601280212@c.us',
    self: 'in',
    ack: 1,
    isNewMsg: true,
    star: false,
    kicNotified: false,
    recvFresh: true,
    isFromTemplate: false,
    pollInvalidated: false,
    isSentCagPollCreation: false,
    latestEditMsgKey: null,
    latestEditSenderTimestampMs: null,
    broadcast: false,
    mentionedJidList: [],
    groupMentions: [],
    isVcardOverMmsDocument: false,
    isForwarded: false,
    hasReaction: false,
    productHeaderImageRejected: false,
    lastPlaybackProgress: 0,
    isDynamicReplyButtonsMsg: false,
    isMdHistoryMsg: false,
    stickerSentTs: 0,
    isAvatar: false,
    requiresDirectConnection: false,
    links: []
  },
  mediaKey: undefined,
  id: {
    fromMe: false,
    remote: '34657741929@c.us',
    id: '009237574409D703D89E968128A2CBC6',
    _serialized: 'false_34657741929@c.us_009237574409D703D89E968128A2CBC6'
  },
  ack: 1,
  hasMedia: false,
  body: 'Hila',
  type: 'chat',
  timestamp: 1686859681,
  from: '34657741929',
  to: '34601280212@c.us',
  author: undefined,
  deviceType: 'android',
  isForwarded: false,
  forwardingScore: 0,
  isStatus: false,
  isStarred: false,
  broadcast: false,
  fromMe: false,
  hasQuotedMsg: false,
  hasReaction: false,
  duration: undefined,
  location: undefined,
  vCards: [],
  inviteV4: undefined,
  mentionedIds: [],
  orderId: undefined,
  token: undefined,
  isGif: false,
  isEphemeral: undefined,
  links: []
}
[handleMsg]:  Message {
  _data: {
    id: {
      fromMe: false,
      remote: '34644401715@c.us',
      id: '3AA49AE75DA577096297',
      _serialized: 'false_34644401715@c.us_3AA49AE75DA577096297'
    },
    body: '1',
    type: 'chat',
    t: 1686859682,
    notifyName: 'Irenee',
    from: '34644401715@c.us',
    to: '34601280212@c.us',
    self: 'in',
    ack: 1,
    isNewMsg: true,
    star: false,
    kicNotified: false,
    recvFresh: true,
    isFromTemplate: false,
    pollInvalidated: false,
    isSentCagPollCreation: false,
    latestEditMsgKey: null,
    latestEditSenderTimestampMs: null,
    broadcast: false,
    mentionedJidList: [],
    groupMentions: [],
    isVcardOverMmsDocument: false,
    isForwarded: false,
    hasReaction: false,
    productHeaderImageRejected: false,
    lastPlaybackProgress: 0,
    isDynamicReplyButtonsMsg: false,
    isMdHistoryMsg: false,
    stickerSentTs: 0,
    isAvatar: false,
    requiresDirectConnection: false,
    links: []
  },
  mediaKey: undefined,
  id: {
    fromMe: false,
    remote: '34644401715@c.us',
    id: '3AA49AE75DA577096297',
    _serialized: 'false_34644401715@c.us_3AA49AE75DA577096297'
  },
  ack: 1,
  hasMedia: false,
  body: '1',
  type: 'chat',
  timestamp: 1686859682,
  from: '34644401715',
  to: '34601280212@c.us',
  author: undefined,
  deviceType: 'ios',
  isForwarded: false,
  forwardingScore: 0,
  isStatus: false,
  isStarred: false,
  broadcast: false,
  fromMe: false,
  hasQuotedMsg: false,
  hasReaction: false,
  duration: undefined,
  location: undefined,
  vCards: [],
  inviteV4: undefined,
  mentionedIds: [],
  orderId: undefined,
  token: undefined,
  isGif: false,
  isEphemeral: undefined,
  links: []
}
[handleMsg]:  Message {
  _data: {
    id: {
      fromMe: false,
      remote: '34657741929@c.us',
      id: 'E257B25650A2CC60EE37C1570BE6CD1E',
      _serialized: 'false_34657741929@c.us_E257B25650A2CC60EE37C1570BE6CD1E'
    },
    body: 'Hola',
    type: 'chat',
    t: 1686859685,
    notifyName: 'Antonio B.',
    from: '34657741929@c.us',
    to: '34601280212@c.us',
    self: 'in',
    ack: 1,
    isNewMsg: true,
    star: false,
    kicNotified: false,
    recvFresh: true,
    isFromTemplate: false,
    pollInvalidated: false,
    isSentCagPollCreation: false,
    latestEditMsgKey: null,
    latestEditSenderTimestampMs: null,
    broadcast: false,
    mentionedJidList: [],
    groupMentions: [],
    isVcardOverMmsDocument: false,
    isForwarded: false,
    hasReaction: false,
    productHeaderImageRejected: false,
    lastPlaybackProgress: 0,
    isDynamicReplyButtonsMsg: false,
    isMdHistoryMsg: false,
    stickerSentTs: 0,
    isAvatar: false,
    requiresDirectConnection: false,
    links: []
  },
  mediaKey: undefined,
  id: {
    fromMe: false,
    remote: '34657741929@c.us',
    id: 'E257B25650A2CC60EE37C1570BE6CD1E',
    _serialized: 'false_34657741929@c.us_E257B25650A2CC60EE37C1570BE6CD1E'
  },
  ack: 1,
  hasMedia: false,
  body: 'Hola',
  type: 'chat',
  timestamp: 1686859685,
  from: '34657741929',
  to: '34601280212@c.us',
  author: undefined,
  deviceType: 'android',
  isForwarded: false,
  forwardingScore: 0,
  isStatus: false,
  isStarred: false,
  broadcast: false,
  fromMe: false,
  hasQuotedMsg: false,
  hasReaction: false,
  duration: undefined,
  location: undefined,
  vCards: [],
  inviteV4: undefined,
  mentionedIds: [],
  orderId: undefined,
  token: undefined,
  isGif: false,
  isEphemeral: undefined,
  links: []
}
[handleMsg]:  Message {
  _data: {
    id: {
      fromMe: false,
      remote: '34644401715@c.us',
      id: '3AA137481CB9FFD3B9CA',
      _serialized: 'false_34644401715@c.us_3AA137481CB9FFD3B9CA'
    },
    body: 'hola',
    type: 'chat',
    t: 1686859686,
    notifyName: 'Irenee',
    from: '34644401715@c.us',
    to: '34601280212@c.us',
    self: 'in',
    ack: 1,
    isNewMsg: true,
    star: false,
    kicNotified: false,
    recvFresh: true,
    isFromTemplate: false,
    pollInvalidated: false,
    isSentCagPollCreation: false,
    latestEditMsgKey: null,
    latestEditSenderTimestampMs: null,
    broadcast: false,
    mentionedJidList: [],
    groupMentions: [],
    isVcardOverMmsDocument: false,
    isForwarded: false,
    hasReaction: false,
    productHeaderImageRejected: false,
    lastPlaybackProgress: 0,
    isDynamicReplyButtonsMsg: false,
    isMdHistoryMsg: false,
    stickerSentTs: 0,
    isAvatar: false,
    requiresDirectConnection: false,
    links: []
  },
  mediaKey: undefined,
  id: {
    fromMe: false,
    remote: '34644401715@c.us',
    id: '3AA137481CB9FFD3B9CA',
    _serialized: 'false_34644401715@c.us_3AA137481CB9FFD3B9CA'
  },
  ack: 1,
  hasMedia: false,
  body: 'hola',
  type: 'chat',
  timestamp: 1686859686,
  from: '34644401715',
  to: '34601280212@c.us',
  author: undefined,
  deviceType: 'ios',
  isForwarded: false,
  forwardingScore: 0,
  isStatus: false,
  isStarred: false,
  broadcast: false,
  fromMe: false,
  hasQuotedMsg: false,
  hasReaction: false,
  duration: undefined,
  location: undefined,
  vCards: [],
  inviteV4: undefined,
  mentionedIds: [],
  orderId: undefined,
  token: undefined,
  isGif: false,
  isEphemeral: undefined,
  links: []
}
[handleMsg]:  Message {
  _data: {
    id: {
      fromMe: false,
      remote: '34657741929@c.us',
      id: '6AE93967489C2290FFB3FACBED627D8A',
      _serialized: 'false_34657741929@c.us_6AE93967489C2290FFB3FACBED627D8A'
    },
    body: '2',
    type: 'chat',
    t: 1686859705,
    notifyName: 'Antonio B.',
    from: '34657741929@c.us',
    to: '34601280212@c.us',
    self: 'in',
    ack: 1,
    isNewMsg: true,
    star: false,
    kicNotified: false,
    recvFresh: true,
    isFromTemplate: false,
    pollInvalidated: false,
    isSentCagPollCreation: false,
    latestEditMsgKey: null,
    latestEditSenderTimestampMs: null,
    broadcast: false,
    mentionedJidList: [],
    groupMentions: [],
    isVcardOverMmsDocument: false,
    isForwarded: false,
    hasReaction: false,
    productHeaderImageRejected: false,
    lastPlaybackProgress: 0,
    isDynamicReplyButtonsMsg: false,
    isMdHistoryMsg: false,
    stickerSentTs: 0,
    isAvatar: false,
    requiresDirectConnection: false,
    links: []
  },
  mediaKey: undefined,
  id: {
    fromMe: false,
    remote: '34657741929@c.us',
    id: '6AE93967489C2290FFB3FACBED627D8A',
    _serialized: 'false_34657741929@c.us_6AE93967489C2290FFB3FACBED627D8A'
  },
  ack: 1,
  hasMedia: false,
  body: '2',
  type: 'chat',
  timestamp: 1686859705,
  from: '34657741929',
  to: '34601280212@c.us',
  author: undefined,
  deviceType: 'android',
  isForwarded: false,
  forwardingScore: 0,
  isStatus: false,
  isStarred: false,
  broadcast: false,
  fromMe: false,
  hasQuotedMsg: false,
  hasReaction: false,
  duration: undefined,
  location: undefined,
  vCards: [],
  inviteV4: undefined,
  mentionedIds: [],
  orderId: undefined,
  token: undefined,
  isGif: false,
  isEphemeral: undefined,
  links: []
}
